//-------------------------- 12/16/2020 -- 12:21:51 -----
Processor Init:
   Intel (unknown, Pentium Pro/II/III family), ~2.60 Ghz
     (timed at roughly 2.59 Ghz)
   FPU detected
   MMX detected
   SSE detected
 
Math Init:
   Installing Standard C extensions
   Installing Assembly extensions
   Installing FPU extensions
   Installing MMX extensions
   Installing SSE extensions
 
Input Init:
   DirectInput enabled.

Initializing chunk mappings...
   o 'TEXT' maps to TextChunk
   o 'SCHK' maps to UnknownChunk
   o 'SCHK' maps to SimChunk
Loading compiled script G:/Save/shixunMyPVZcpp/Bin/common/main.cs.
Loading compiled script G:/Save/shixunMyPVZcpp/Bin/game/main.cs.
 % - Initializing Common
Loading compiled script G:/Save/shixunMyPVZcpp/Bin/common/preferences/defaultPrefs.cs.
Reading Display Device information...
   Primary Display Device Found:
      Vendor Id: VEN_0000
      Device Id: DEV_0000

Using OpenGL rendering. Fullscreen: 0

Loading compiled script G:/Save/shixunMyPVZcpp/Bin/common/gameScripts/xml.cs.
Loading compiled script G:/Save/shixunMyPVZcpp/Bin/common/gameScripts/properties.cs.
Loading compiled script G:/Save/shixunMyPVZcpp/Bin/common/gameScripts/common.cs.
Loading compiled script G:/Save/shixunMyPVZcpp/Bin/common/gameScripts/audio.cs.
Loading compiled script G:/Save/shixunMyPVZcpp/Bin/common/gameScripts/canvas.cs.
Loading compiled script G:/Save/shixunMyPVZcpp/Bin/common/gameScripts/cursor.cs.
Video Init:
   Accelerated OpenGL display device detected.
   Accelerated D3D device not detected.
   Voodoo 2 display device not detected.

Activating the OpenGL display device...
Activating the OpenGL display device...
Setting screen mode to 320x320x32 (w)...
Creating a new window...
Acquiring a new device context...
Pixel format set:
  32 color bits, 24 depth bits, 8 stencil bits
Creating a new rendering context...
Making the new rendering context current...
OpenGL driver information:
  Vendor: Intel
  Renderer: Intel(R) UHD Graphics 630
  Version: 4.6.0 - Build 26.20.100.8141
OpenGL Init: Enabled Extensions
  ARB_multitexture (Max Texture Units: 8)
  EXT_blend_color
  EXT_blend_minmax
  EXT_compiled_vertex_array
  EXT_texture_env_combine
  EXT_packed_pixels
  EXT_fog_coord
  ARB_texture_compression
  EXT_texture_compression_s3tc
  3DFX_texture_compression_FXT1
  (ARB|EXT)_texture_env_add
  EXT_texture_filter_anisotropic (Max anisotropy: 16)
  WGL_EXT_swap_control
OpenGL Init: Disabled Extensions
  EXT_paletted_texture
  NV_vertex_array_range

Max Texture Size reported as: 16384
Setting screen mode to 800x600x32 (w)...
OpenAL Driver Init:
   Failed to initialize driver.
Loading compiled script G:/Save/shixunMyPVZcpp/Bin/common/gui/profiles.cs.
Loading compiled script G:/Save/shixunMyPVZcpp/Bin/common/gui/cursors.cs.
Loading compiled script G:/Save/shixunMyPVZcpp/Bin/common/gui/messageBoxOk.gui.
Loading compiled script G:/Save/shixunMyPVZcpp/Bin/common/gui/messageBoxYesNo.gui.
Loading compiled script G:/Save/shixunMyPVZcpp/Bin/common/gui/messageBoxYesNoCancel.gui.
Loading compiled script G:/Save/shixunMyPVZcpp/Bin/common/gui/messageBoxOKCancel.gui.
Loading compiled script G:/Save/shixunMyPVZcpp/Bin/common/gui/messageBoxOKCancelDetailsDlg.gui.
Loading compiled script G:/Save/shixunMyPVZcpp/Bin/common/gui/messagePopup.gui.
Loading compiled script G:/Save/shixunMyPVZcpp/Bin/common/gui/options.gui.
Loading compiled script G:/Save/shixunMyPVZcpp/Bin/common/gui/remap.gui.
Loading compiled script G:/Save/shixunMyPVZcpp/Bin/common/gui/console.gui.
Loading compiled script G:/Save/shixunMyPVZcpp/Bin/common/gui/NetworkMenu.gui.
Loading compiled script G:/Save/shixunMyPVZcpp/Bin/common/gui/startServer.gui.
Loading compiled script G:/Save/shixunMyPVZcpp/Bin/common/gui/joinServer.gui.
Loading compiled script G:/Save/shixunMyPVZcpp/Bin/common/gui/waitingForServer.gui.
Loading compiled script G:/Save/shixunMyPVZcpp/Bin/common/gui/helpDlg.gui.
Loading compiled script G:/Save/shixunMyPVZcpp/Bin/common/gui/messageBox.cs.
Loading compiled script G:/Save/shixunMyPVZcpp/Bin/common/gui/help.cs.
Loading compiled script G:/Save/shixunMyPVZcpp/Bin/common/gui/chatGui.gui.
Loading compiled script G:/Save/shixunMyPVZcpp/Bin/common/gameScripts/screenshot.cs.
Loading compiled script G:/Save/shixunMyPVZcpp/Bin/common/gameScripts/metrics.cs.
Loading compiled script G:/Save/shixunMyPVZcpp/Bin/common/Gui/FrameOverlayGui.gui.
Loading compiled script G:/Save/shixunMyPVZcpp/Bin/common/gameScripts/scriptDoc.cs.
Loading compiled script G:/Save/shixunMyPVZcpp/Bin/common/gameScripts/keybindings.cs.
Loading compiled script G:/Save/shixunMyPVZcpp/Bin/common/gameScripts/options.cs.
Loading compiled script G:/Save/shixunMyPVZcpp/Bin/common/gameScripts/levelManagement.cs.
Loading compiled script G:/Save/shixunMyPVZcpp/Bin/common/gameScripts/projectManagement.cs.
Loading compiled script G:/Save/shixunMyPVZcpp/Bin/common/gameScripts/projectResources.cs.
Loading compiled script G:/Save/shixunMyPVZcpp/Bin/common/gameScripts/align.cs.

FunCode (v1.7.5) initialized...
Loading compiled script G:/Save/shixunMyPVZcpp/Bin/game/managed/datablocks.cs.
Loading compiled script G:/Save/shixunMyPVZcpp/Bin/game/managed/persistent.cs.
Loading compiled script G:/Save/shixunMyPVZcpp/Bin/game/managed/brushes.cs.
Loading compiled script G:/Save/shixunMyPVZcpp/Bin/game/gameScripts/datablocks.cs.
Loading compiled script G:/Save/shixunMyPVZcpp/Bin/game/gameScripts/guiProfiles.cs.
Loading compiled script G:/Save/shixunMyPVZcpp/Bin/game/gui/mainScreen.gui.
Loading compiled script G:/Save/shixunMyPVZcpp/Bin/game/gameScripts/game.cs.
Activating DirectInput...
DirectInput joystick failed to enable!
Compiling G:/Save/shixunMyPVZcpp/Bin/game/data/levels/untitled.t2d...
Loading compiled script G:/Save/shixunMyPVZcpp/Bin/game/data/levels/untitled.t2d.
t2dSceneGraph::addToScene() - Object '1415' is already in a SceneGraph!.
t2dSceneGraph::addToScene() - Object '1416' is already in a SceneGraph!.
t2dSceneGraph::addToScene() - Object '1417' is already in a SceneGraph!.
t2dSceneGraph::addToScene() - Object '1418' is already in a SceneGraph!.
t2dSceneGraph::addToScene() - Object '1419' is already in a SceneGraph!.
t2dSceneGraph::addToScene() - Object '1420' is already in a SceneGraph!.
t2dSceneGraph::addToScene() - Object '1421' is already in a SceneGraph!.
t2dSceneGraph::addToScene() - Object '1422' is already in a SceneGraph!.
t2dSceneGraph::addToScene() - Object '1423' is already in a SceneGraph!.
t2dSceneGraph::addToScene() - Object '1424' is already in a SceneGraph!.
t2dSceneGraph::addToScene() - Object '1425' is already in a SceneGraph!.
t2dSceneGraph::addToScene() - Object '1426' is already in a SceneGraph!.
t2dSceneGraph::addToScene() - Object '1427' is already in a SceneGraph!.
t2dSceneGraph::addToScene() - Object '1428' is already in a SceneGraph!.
t2dSceneGraph::addToScene() - Object '1429' is already in a SceneGraph!.
t2dSceneGraph::addToScene() - Object '1430' is already in a SceneGraph!.
t2dSceneGraph::addToScene() - Object '1431' is already in a SceneGraph!.
t2dSceneGraph::addToScene() - Object '1432' is already in a SceneGraph!.
t2dSceneGraph::addToScene() - Object '1433' is already in a SceneGraph!.
t2dSceneGraph::addToScene() - Object '1434' is already in a SceneGraph!.
t2dSceneGraph::addToScene() - Object '1435' is already in a SceneGraph!.
t2dSceneGraph::addToScene() - Object '1436' is already in a SceneGraph!.
t2dSceneGraph::addToScene() - Object '1437' is already in a SceneGraph!.
t2dSceneGraph::addToScene() - Object '1438' is already in a SceneGraph!.
t2dSceneGraph::addToScene() - Object '1439' is already in a SceneGraph!.
t2dSceneGraph::addToScene() - Object '1440' is already in a SceneGraph!.
t2dSceneGraph::addToScene() - Object '1441' is already in a SceneGraph!.
t2dSceneGraph::addToScene() - Object '1442' is already in a SceneGraph!.
t2dSceneGraph::addToScene() - Object '1443' is already in a SceneGraph!.
t2dSceneGraph::addToScene() - Object '1444' is already in a SceneGraph!.
t2dSceneGraph::addToScene() - Object '1445' is already in a SceneGraph!.
t2dSceneGraph::addToScene() - Object '1446' is already in a SceneGraph!.
t2dSceneGraph::addToScene() - Object '1447' is already in a SceneGraph!.
t2dSceneGraph::addToScene() - Object '1448' is already in a SceneGraph!.
t2dSceneGraph::addToScene() - Object '1449' is already in a SceneGraph!.
t2dSceneGraph::addToScene() - Object '1450' is already in a SceneGraph!.
t2dSceneGraph::addToScene() - Object '1451' is already in a SceneGraph!.
t2dSceneGraph::addToScene() - Object '1452' is already in a SceneGraph!.
t2dSceneGraph::addToScene() - Object '1453' is already in a SceneGraph!.
t2dSceneGraph::addToScene() - Object '1454' is already in a SceneGraph!.
t2dSceneGraph::addToScene() - Object '1455' is already in a SceneGraph!.
t2dSceneGraph::addToScene() - Object '1456' is already in a SceneGraph!.
t2dSceneGraph::addToScene() - Object '1457' is already in a SceneGraph!.
t2dSceneGraph::addToScene() - Object '1458' is already in a SceneGraph!.
t2dSceneGraph::addToScene() - Object '1459' is already in a SceneGraph!.
t2dSceneGraph::addToScene() - Object '1460' is already in a SceneGraph!.
t2dSceneGraph::addToScene() - Object '1461' is already in a SceneGraph!.
t2dSceneGraph::addToScene() - Object '1462' is already in a SceneGraph!.
t2dSceneGraph::addToScene() - Object '1463' is already in a SceneGraph!.
t2dSceneGraph::addToScene() - Object '1464' is already in a SceneGraph!.
t2dSceneGraph::addToScene() - Object '1465' is already in a SceneGraph!.
t2dSceneGraph::addToScene() - Object '1466' is already in a SceneGraph!.
t2dSceneGraph::addToScene() - Object '1467' is already in a SceneGraph!.
t2dSceneGraph::addToScene() - Object '1468' is already in a SceneGraph!.
t2dSceneGraph::addToScene() - Object '1469' is already in a SceneGraph!.
t2dSceneGraph::addToScene() - Object '1470' is already in a SceneGraph!.
t2dSceneGraph::addToScene() - Object '1471' is already in a SceneGraph!.
t2dSceneGraph::addToScene() - Object '1472' is already in a SceneGraph!.
t2dSceneGraph::addToScene() - Object '1473' is already in a SceneGraph!.
t2dSceneGraph::addToScene() - Object '1474' is already in a SceneGraph!.
t2dSceneGraph::addToScene() - Object '1475' is already in a SceneGraph!.
t2dSceneGraph::addToScene() - Object '1476' is already in a SceneGraph!.
t2dSceneGraph::addToScene() - Object '1477' is already in a SceneGraph!.
t2dSceneGraph::addToScene() - Object '1478' is already in a SceneGraph!.
t2dSceneGraph::addToScene() - Object '1479' is already in a SceneGraph!.
t2dSceneGraph::addToScene() - Object '1480' is already in a SceneGraph!.
t2dSceneGraph::addToScene() - Object '1481' is already in a SceneGraph!.
t2dSceneGraph::addToScene() - Object '1482' is already in a SceneGraph!.
t2dSceneGraph::addToScene() - Object '1483' is already in a SceneGraph!.
t2dSceneGraph::addToScene() - Object '1484' is already in a SceneGraph!.
t2dSceneGraph::addToScene() - Object '1485' is already in a SceneGraph!.
t2dSceneGraph::addToScene() - Object '1486' is already in a SceneGraph!.
t2dSceneGraph::addToScene() - Object '1487' is already in a SceneGraph!.
t2dSceneGraph::addToScene() - Object '1488' is already in a SceneGraph!.
t2dSceneGraph::addToScene() - Object '1489' is already in a SceneGraph!.
t2dSceneGraph::addToScene() - Object '1490' is already in a SceneGraph!.
t2dSceneGraph::addToScene() - Object '1491' is already in a SceneGraph!.
t2dSceneGraph::addToScene() - Object '1492' is already in a SceneGraph!.
t2dSceneGraph::addToScene() - Object '1493' is already in a SceneGraph!.
t2dSceneGraph::addToScene() - Object '1494' is already in a SceneGraph!.
t2dSceneGraph::addToScene() - Object '1495' is already in a SceneGraph!.
t2dSceneGraph::addToScene() - Object '1496' is already in a SceneGraph!.
t2dSceneGraph::addToScene() - Object '1497' is already in a SceneGraph!.
t2dSceneGraph::addToScene() - Object '1498' is already in a SceneGraph!.
t2dSceneGraph::addToScene() - Object '1499' is already in a SceneGraph!.
t2dSceneGraph::addToScene() - Object '1500' is already in a SceneGraph!.
t2dSceneGraph::addToScene() - Object '1501' is already in a SceneGraph!.
t2dSceneGraph::addToScene() - Object '1502' is already in a SceneGraph!.
t2dSceneGraph::addToScene() - Object '1503' is already in a SceneGraph!.
t2dSceneGraph::addToScene() - Object '1504' is already in a SceneGraph!.
t2dSceneGraph::addToScene() - Object '1505' is already in a SceneGraph!.
t2dSceneGraph::addToScene() - Object '1506' is already in a SceneGraph!.
t2dSceneGraph::addToScene() - Object '1507' is already in a SceneGraph!.
t2dSceneGraph::addToScene() - Object '1508' is already in a SceneGraph!.
t2dSceneGraph::addToScene() - Object '1509' is already in a SceneGraph!.
t2dSceneGraph::addToScene() - Object '1510' is already in a SceneGraph!.
t2dSceneGraph::addToScene() - Object '1511' is already in a SceneGraph!.
t2dSceneGraph::addToScene() - Object '1512' is already in a SceneGraph!.
t2dSceneGraph::addToScene() - Object '1513' is already in a SceneGraph!.
t2dSceneGraph::addToScene() - Object '1514' is already in a SceneGraph!.
t2dSceneGraph::addToScene() - Object '1515' is already in a SceneGraph!.
t2dSceneGraph::addToScene() - Object '1516' is already in a SceneGraph!.
t2dSceneGraph::addToScene() - Object '1517' is already in a SceneGraph!.
t2dSceneGraph::addToScene() - Object '1518' is already in a SceneGraph!.
t2dSceneGraph::addToScene() - Object '1519' is already in a SceneGraph!.
t2dSceneGraph::addToScene() - Object '1520' is already in a SceneGraph!.
t2dSceneGraph::addToScene() - Object '1521' is already in a SceneGraph!.
t2dSceneGraph::addToScene() - Object '1522' is already in a SceneGraph!.
t2dSceneGraph::addToScene() - Object '1523' is already in a SceneGraph!.
t2dSceneGraph::addToScene() - Object '1524' is already in a SceneGraph!.
t2dSceneGraph::addToScene() - Object '1525' is already in a SceneGraph!.
t2dSceneGraph::addToScene() - Object '1526' is already in a SceneGraph!.
t2dSceneGraph::addToScene() - Object '1527' is already in a SceneGraph!.
t2dSceneGraph::addToScene() - Object '1528' is already in a SceneGraph!.
t2dSceneGraph::addToScene() - Object '1529' is already in a SceneGraph!.
t2dSceneGraph::addToScene() - Object '1530' is already in a SceneGraph!.
t2dSceneGraph::addToScene() - Object '1531' is already in a SceneGraph!.
t2dSceneGraph::addToScene() - Object '1532' is already in a SceneGraph!.
t2dSceneGraph::addToScene() - Object '1533' is already in a SceneGraph!.
t2dSceneGraph::addToScene() - Object '1534' is already in a SceneGraph!.
t2dSceneGraph::addToScene() - Object '1535' is already in a SceneGraph!.
t2dSceneGraph::addToScene() - Object '1536' is already in a SceneGraph!.
t2dSceneGraph::addToScene() - Object '1537' is already in a SceneGraph!.
t2dSceneGraph::addToScene() - Object '1538' is already in a SceneGraph!.
t2dSceneGraph::addToScene() - Object '1539' is already in a SceneGraph!.
t2dSceneGraph::addToScene() - Object '1540' is already in a SceneGraph!.
t2dSceneGraph::addToScene() - Object '1541' is already in a SceneGraph!.
t2dSceneGraph::addToScene() - Object '1542' is already in a SceneGraph!.
t2dSceneGraph::addToScene() - Object '1543' is already in a SceneGraph!.
t2dSceneGraph::addToScene() - Object '1544' is already in a SceneGraph!.
t2dSceneGraph::addToScene() - Object '1545' is already in a SceneGraph!.
t2dSceneGraph::addToScene() - Object '1546' is already in a SceneGraph!.
t2dSceneGraph::addToScene() - Object '1547' is already in a SceneGraph!.
t2dSceneGraph::addToScene() - Object '1548' is already in a SceneGraph!.
t2dSceneGraph::addToScene() - Object '1549' is already in a SceneGraph!.
t2dSceneGraph::addToScene() - Object '1550' is already in a SceneGraph!.
t2dSceneGraph::addToScene() - Object '1551' is already in a SceneGraph!.
t2dSceneGraph::addToScene() - Object '1552' is already in a SceneGraph!.
t2dSceneGraph::addToScene() - Object '1553' is already in a SceneGraph!.
t2dSceneGraph::addToScene() - Object '1554' is already in a SceneGraph!.
t2dSceneGraph::addToScene() - Object '1555' is already in a SceneGraph!.
t2dSceneGraph::addToScene() - Object '1556' is already in a SceneGraph!.
t2dSceneGraph::addToScene() - Object '1557' is already in a SceneGraph!.
t2dSceneGraph::addToScene() - Object '1558' is already in a SceneGraph!.
t2dSceneGraph::addToScene() - Object '1559' is already in a SceneGraph!.
t2dSceneGraph::addToScene() - Object '1560' is already in a SceneGraph!.
t2dSceneGraph::addToScene() - Object '1561' is already in a SceneGraph!.
t2dSceneGraph::addToScene() - Object '1562' is already in a SceneGraph!.
t2dSceneGraph::addToScene() - Object '1563' is already in a SceneGraph!.
t2dSceneGraph::addToScene() - Object '1564' is already in a SceneGraph!.
t2dSceneGraph::addToScene() - Object '1565' is already in a SceneGraph!.
t2dSceneGraph::addToScene() - Object '1566' is already in a SceneGraph!.
t2dSceneGraph::addToScene() - Object '1567' is already in a SceneGraph!.
t2dSceneGraph::addToScene() - Object '1568' is already in a SceneGraph!.
t2dSceneGraph::addToScene() - Object '1569' is already in a SceneGraph!.
t2dSceneGraph::addToScene() - Object '1570' is already in a SceneGraph!.
t2dSceneGraph::addToScene() - Object '1571' is already in a SceneGraph!.
t2dSceneGraph::addToScene() - Object '1572' is already in a SceneGraph!.
t2dSceneGraph::addToScene() - Object '1573' is already in a SceneGraph!.
t2dSceneGraph::addToScene() - Object '1574' is already in a SceneGraph!.
t2dSceneGraph::addToScene() - Object '1575' is already in a SceneGraph!.
t2dSceneGraph::addToScene() - Object '1576' is already in a SceneGraph!.
t2dSceneGraph::addToScene() - Object '1577' is already in a SceneGraph!.
t2dSceneGraph::addToScene() - Object '1578' is already in a SceneGraph!.
t2dSceneGraph::addToScene() - Object '1579' is already in a SceneGraph!.
t2dSceneGraph::addToScene() - Object '1580' is already in a SceneGraph!.
t2dSceneGraph::addToScene() - Object '1581' is already in a SceneGraph!.
t2dSceneGraph::addToScene() - Object '1582' is already in a SceneGraph!.
t2dSceneGraph::addToScene() - Object '1583' is already in a SceneGraph!.
t2dSceneGraph::addToScene() - Object '1584' is already in a SceneGraph!.
t2dSceneGraph::addToScene() - Object '1585' is already in a SceneGraph!.
t2dSceneGraph::addToScene() - Object '1586' is already in a SceneGraph!.
t2dSceneGraph::addToScene() - Object '1587' is already in a SceneGraph!.
t2dSceneGraph::addToScene() - Object '1588' is already in a SceneGraph!.
t2dSceneGraph::addToScene() - Object '1589' is already in a SceneGraph!.
t2dSceneGraph::addToScene() - Object '1590' is already in a SceneGraph!.
t2dSceneGraph::addToScene() - Object '1591' is already in a SceneGraph!.
t2dSceneGraph::addToScene() - Object '1592' is already in a SceneGraph!.
t2dSceneGraph::addToScene() - Object '1593' is already in a SceneGraph!.
t2dSceneGraph::addToScene() - Object '1594' is already in a SceneGraph!.
t2dSceneGraph::addToScene() - Object '1595' is already in a SceneGraph!.
t2dSceneGraph::addToScene() - Object '1596' is already in a SceneGraph!.
t2dSceneGraph::addToScene() - Object '1597' is already in a SceneGraph!.
t2dSceneGraph::addToScene() - Object '1598' is already in a SceneGraph!.
t2dSceneGraph::addToScene() - Object '1599' is already in a SceneGraph!.
t2dSceneGraph::addToScene() - Object '1600' is already in a SceneGraph!.
t2dSceneGraph::addToScene() - Object '1601' is already in a SceneGraph!.
t2dSceneGraph::addToScene() - Object '1602' is already in a SceneGraph!.
t2dSceneGraph::addToScene() - Object '1603' is already in a SceneGraph!.
t2dSceneGraph::addToScene() - Object '1604' is already in a SceneGraph!.
t2dSceneGraph::addToScene() - Object '1605' is already in a SceneGraph!.
t2dSceneGraph::addToScene() - Object '1606' is already in a SceneGraph!.
t2dSceneGraph::addToScene() - Object '1607' is already in a SceneGraph!.
t2dSceneGraph::addToScene() - Object '1608' is already in a SceneGraph!.
t2dSceneGraph::addToScene() - Object '1609' is already in a SceneGraph!.
t2dSceneGraph::addToScene() - Object '1610' is already in a SceneGraph!.
t2dSceneGraph::addToScene() - Object '1611' is already in a SceneGraph!.
t2dSceneGraph::addToScene() - Object '1612' is already in a SceneGraph!.
t2dSceneGraph::addToScene() - Object '1613' is already in a SceneGraph!.
t2dSceneGraph::addToScene() - Object '1614' is already in a SceneGraph!.
t2dSceneGraph::addToScene() - Object '1615' is already in a SceneGraph!.
t2dSceneGraph::addToScene() - Object '1616' is already in a SceneGraph!.
t2dSceneGraph::addToScene() - Object '1617' is already in a SceneGraph!.
t2dSceneGraph::addToScene() - Object '1618' is already in a SceneGraph!.
t2dSceneGraph::addToScene() - Object '1619' is already in a SceneGraph!.
t2dSceneGraph::addToScene() - Object '1620' is already in a SceneGraph!.
t2dSceneGraph::addToScene() - Object '1621' is already in a SceneGraph!.
t2dSceneGraph::addToScene() - Object '1622' is already in a SceneGraph!.
t2dSceneGraph::addToScene() - Object '1623' is already in a SceneGraph!.
t2dSceneGraph::addToScene() - Object '1624' is already in a SceneGraph!.
t2dSceneGraph::addToScene() - Object '1625' is already in a SceneGraph!.
t2dSceneGraph::addToScene() - Object '1626' is already in a SceneGraph!.
t2dSceneGraph::addToScene() - Object '1627' is already in a SceneGraph!.
t2dSceneGraph::addToScene() - Object '1628' is already in a SceneGraph!.
t2dSceneGraph::addToScene() - Object '1629' is already in a SceneGraph!.
t2dSceneGraph::addToScene() - Object '1630' is already in a SceneGraph!.
t2dSceneGraph::addToScene() - Object '1631' is already in a SceneGraph!.
t2dSceneGraph::addToScene() - Object '1632' is already in a SceneGraph!.
t2dSceneGraph::addToScene() - Object '1633' is already in a SceneGraph!.
t2dSceneGraph::addToScene() - Object '1634' is already in a SceneGraph!.
t2dSceneGraph::addToScene() - Object '1635' is already in a SceneGraph!.
t2dSceneGraph::addToScene() - Object '1636' is already in a SceneGraph!.
t2dSceneGraph::addToScene() - Object '1637' is already in a SceneGraph!.
t2dSceneGraph::addToScene() - Object '1638' is already in a SceneGraph!.
t2dSceneGraph::addToScene() - Object '1639' is already in a SceneGraph!.
t2dSceneGraph::addToScene() - Object '1640' is already in a SceneGraph!.
t2dSceneGraph::addToScene() - Object '1641' is already in a SceneGraph!.
t2dSceneGraph::addToScene() - Object '1642' is already in a SceneGraph!.
t2dSceneGraph::addToScene() - Object '1643' is already in a SceneGraph!.
t2dSceneGraph::addToScene() - Object '1644' is already in a SceneGraph!.
t2dSceneGraph::addToScene() - Object '1645' is already in a SceneGraph!.
t2dSceneGraph::addToScene() - Object '1646' is already in a SceneGraph!.
t2dSceneGraph::addToScene() - Object '1647' is already in a SceneGraph!.
t2dSceneGraph::addToScene() - Object '1648' is already in a SceneGraph!.
t2dSceneGraph::addToScene() - Object '1649' is already in a SceneGraph!.
t2dSceneGraph::addToScene() - Object '1650' is already in a SceneGraph!.
t2dSceneGraph::addToScene() - Object '1651' is already in a SceneGraph!.
t2dSceneGraph::addToScene() - Object '1652' is already in a SceneGraph!.
t2dSceneGraph::addToScene() - Object '1653' is already in a SceneGraph!.
t2dSceneGraph::addToScene() - Object '1654' is already in a SceneGraph!.
t2dSceneGraph::addToScene() - Object '1655' is already in a SceneGraph!.
t2dSceneGraph::addToScene() - Object '1656' is already in a SceneGraph!.
t2dSceneGraph::addToScene() - Object '1657' is already in a SceneGraph!.
t2dSceneGraph::addToScene() - Object '1658' is already in a SceneGraph!.
t2dSceneGraph::addToScene() - Object '1659' is already in a SceneGraph!.
t2dSceneGraph::addToScene() - Object '1660' is already in a SceneGraph!.
t2dSceneGraph::addToScene() - Object '1661' is already in a SceneGraph!.
t2dSceneGraph::addToScene() - Object '1662' is already in a SceneGraph!.
t2dSceneGraph::addToScene() - Object '1663' is already in a SceneGraph!.
t2dSceneGraph::addToScene() - Object '1664' is already in a SceneGraph!.
t2dSceneGraph::addToScene() - Object '1665' is already in a SceneGraph!.
t2dSceneGraph::addToScene() - Object '1666' is already in a SceneGraph!.
t2dSceneGraph::addToScene() - Object '1667' is already in a SceneGraph!.
t2dSceneGraph::addToScene() - Object '1668' is already in a SceneGraph!.
t2dSceneGraph::addToScene() - Object '1669' is already in a SceneGraph!.
t2dSceneGraph::addToScene() - Object '1670' is already in a SceneGraph!.
t2dSceneGraph::addToScene() - Object '1671' is already in a SceneGraph!.
t2dSceneGraph::addToScene() - Object '1672' is already in a SceneGraph!.
t2dSceneGraph::addToScene() - Object '1673' is already in a SceneGraph!.
t2dSceneGraph::addToScene() - Object '1674' is already in a SceneGraph!.
t2dSceneGraph::addToScene() - Object '1675' is already in a SceneGraph!.
t2dSceneGraph::addToScene() - Object '1676' is already in a SceneGraph!.
t2dSceneGraph::addToScene() - Object '1677' is already in a SceneGraph!.
t2dSceneGraph::addToScene() - Object '1678' is already in a SceneGraph!.
t2dSceneGraph::addToScene() - Object '1679' is already in a SceneGraph!.
t2dSceneGraph::addToScene() - Object '1680' is already in a SceneGraph!.
t2dSceneGraph::addToScene() - Object '1681' is already in a SceneGraph!.
t2dSceneGraph::addToScene() - Object '1682' is already in a SceneGraph!.
t2dSceneGraph::addToScene() - Object '1683' is already in a SceneGraph!.
t2dSceneGraph::addToScene() - Object '1684' is already in a SceneGraph!.
t2dSceneGraph::addToScene() - Object '1685' is already in a SceneGraph!.
t2dSceneGraph::addToScene() - Object '1686' is already in a SceneGraph!.
t2dSceneGraph::addToScene() - Object '1687' is already in a SceneGraph!.
t2dSceneGraph::addToScene() - Object '1688' is already in a SceneGraph!.
t2dSceneGraph::addToScene() - Object '1689' is already in a SceneGraph!.
t2dSceneGraph::addToScene() - Object '1690' is already in a SceneGraph!.
t2dSceneGraph::addToScene() - Object '1691' is already in a SceneGraph!.
t2dSceneGraph::addToScene() - Object '1692' is already in a SceneGraph!.
t2dSceneGraph::addToScene() - Object '1693' is already in a SceneGraph!.
t2dSceneGraph::addToScene() - Object '1694' is already in a SceneGraph!.
t2dSceneGraph::addToScene() - Object '1695' is already in a SceneGraph!.
t2dSceneGraph::addToScene() - Object '1696' is already in a SceneGraph!.
t2dSceneGraph::addToScene() - Object '1697' is already in a SceneGraph!.
t2dSceneGraph::addToScene() - Object '1698' is already in a SceneGraph!.
t2dSceneGraph::addToScene() - Object '1699' is already in a SceneGraph!.
t2dSceneGraph::addToScene() - Object '1700' is already in a SceneGraph!.
t2dSceneGraph::addToScene() - Object '1701' is already in a SceneGraph!.
t2dSceneGraph::addToScene() - Object '1702' is already in a SceneGraph!.
t2dSceneGraph::addToScene() - Object '1703' is already in a SceneGraph!.
t2dSceneGraph::addToScene() - Object '1704' is already in a SceneGraph!.
t2dSceneGraph::addToScene() - Object '1705' is already in a SceneGraph!.
t2dSceneGraph::addToScene() - Object '1706' is already in a SceneGraph!.
t2dSceneGraph::addToScene() - Object '1707' is already in a SceneGraph!.
t2dSceneGraph::addToScene() - Object '1708' is already in a SceneGraph!.
t2dSceneGraph::addToScene() - Object '1709' is already in a SceneGraph!.
t2dSceneGraph::addToScene() - Object '1710' is already in a SceneGraph!.
t2dSceneGraph::addToScene() - Object '1711' is already in a SceneGraph!.
t2dSceneGraph::addToScene() - Object '1712' is already in a SceneGraph!.
t2dSceneGraph::addToScene() - Object '1713' is already in a SceneGraph!.
t2dSceneGraph::addToScene() - Object '1714' is already in a SceneGraph!.
t2dSceneGraph::addToScene() - Object '1715' is already in a SceneGraph!.
t2dSceneGraph::addToScene() - Object '1716' is already in a SceneGraph!.
t2dSceneGraph::addToScene() - Object '1717' is already in a SceneGraph!.
t2dSceneGraph::addToScene() - Object '1718' is already in a SceneGraph!.
t2dSceneGraph::addToScene() - Object '1719' is already in a SceneGraph!.
t2dSceneGraph::addToScene() - Object '1720' is already in a SceneGraph!.
t2dSceneGraph::addToScene() - Object '1721' is already in a SceneGraph!.
t2dSceneGraph::addToScene() - Object '1722' is already in a SceneGraph!.
t2dSceneGraph::addToScene() - Object '1723' is already in a SceneGraph!.
t2dSceneGraph::addToScene() - Object '1724' is already in a SceneGraph!.
t2dSceneGraph::addToScene() - Object '1725' is already in a SceneGraph!.
t2dSceneGraph::addToScene() - Object '1726' is already in a SceneGraph!.
t2dSceneGraph::addToScene() - Object '1727' is already in a SceneGraph!.
t2dSceneGraph::addToScene() - Object '1728' is already in a SceneGraph!.
t2dSceneGraph::addToScene() - Object '1729' is already in a SceneGraph!.
t2dSceneGraph::addToScene() - Object '1730' is already in a SceneGraph!.
t2dSceneGraph::addToScene() - Object '1731' is already in a SceneGraph!.
t2dSceneGraph::addToScene() - Object '1732' is already in a SceneGraph!.
t2dSceneGraph::addToScene() - Object '1733' is already in a SceneGraph!.
t2dSceneGraph::addToScene() - Object '1734' is already in a SceneGraph!.
t2dSceneGraph::addToScene() - Object '1735' is already in a SceneGraph!.
t2dSceneGraph::addToScene() - Object '1736' is already in a SceneGraph!.
t2dSceneGraph::addToScene() - Object '1737' is already in a SceneGraph!.
t2dSceneGraph::addToScene() - Object '1738' is already in a SceneGraph!.
t2dSceneGraph::addToScene() - Object '1739' is already in a SceneGraph!.
t2dSceneGraph::addToScene() - Object '1740' is already in a SceneGraph!.
t2dSceneGraph::addToScene() - Object '1741' is already in a SceneGraph!.
t2dSceneGraph::addToScene() - Object '1742' is already in a SceneGraph!.
t2dSceneGraph::addToScene() - Object '1743' is already in a SceneGraph!.
t2dSceneGraph::addToScene() - Object '1744' is already in a SceneGraph!.
t2dSceneGraph::addToScene() - Object '1745' is already in a SceneGraph!.
t2dSceneGraph::addToScene() - Object '1746' is already in a SceneGraph!.
t2dSceneGraph::addToScene() - Object '1747' is already in a SceneGraph!.
t2dSceneGraph::addToScene() - Object '1748' is already in a SceneGraph!.
t2dSceneGraph::addToScene() - Object '1749' is already in a SceneGraph!.
t2dSceneGraph::addToScene() - Object '1750' is already in a SceneGraph!.
t2dSceneGraph::addToScene() - Object '1751' is already in a SceneGraph!.
t2dSceneGraph::addToScene() - Object '1752' is already in a SceneGraph!.
t2dSceneGraph::addToScene() - Object '1753' is already in a SceneGraph!.
t2dSceneGraph::addToScene() - Object '1754' is already in a SceneGraph!.
t2dSceneGraph::addToScene() - Object '1755' is already in a SceneGraph!.
t2dSceneGraph::addToScene() - Object '1756' is already in a SceneGraph!.
t2dSceneGraph::addToScene() - Object '1757' is already in a SceneGraph!.
t2dSceneGraph::addToScene() - Object '1758' is already in a SceneGraph!.
t2dSceneGraph::addToScene() - Object '1759' is already in a SceneGraph!.
t2dSceneGraph::addToScene() - Object '1760' is already in a SceneGraph!.
t2dSceneGraph::addToScene() - Object '1761' is already in a SceneGraph!.
t2dSceneGraph::addToScene() - Object '1762' is already in a SceneGraph!.
t2dSceneGraph::addToScene() - Object '1763' is already in a SceneGraph!.
t2dSceneGraph::addToScene() - Object '1764' is already in a SceneGraph!.
t2dSceneGraph::addToScene() - Object '1765' is already in a SceneGraph!.
t2dSceneGraph::addToScene() - Object '1766' is already in a SceneGraph!.
t2dSceneGraph::addToScene() - Object '1767' is already in a SceneGraph!.
t2dSceneGraph::addToScene() - Object '1768' is already in a SceneGraph!.
t2dSceneGraph::addToScene() - Object '1769' is already in a SceneGraph!.
t2dSceneGraph::addToScene() - Object '1770' is already in a SceneGraph!.
t2dSceneGraph::addToScene() - Object '1771' is already in a SceneGraph!.
t2dSceneGraph::addToScene() - Object '1772' is already in a SceneGraph!.
t2dSceneGraph::addToScene() - Object '1773' is already in a SceneGraph!.
t2dSceneGraph::addToScene() - Object '1774' is already in a SceneGraph!.
t2dSceneGraph::addToScene() - Object '1775' is already in a SceneGraph!.
t2dSceneGraph::addToScene() - Object '1776' is already in a SceneGraph!.
t2dSceneGraph::addToScene() - Object '1777' is already in a SceneGraph!.
t2dSceneGraph::addToScene() - Object '1778' is already in a SceneGraph!.
t2dSceneGraph::addToScene() - Object '1779' is already in a SceneGraph!.
t2dSceneGraph::addToScene() - Object '1780' is already in a SceneGraph!.
t2dSceneGraph::addToScene() - Object '1781' is already in a SceneGraph!.
t2dSceneGraph::addToScene() - Object '1782' is already in a SceneGraph!.
t2dSceneGraph::addToScene() - Object '1783' is already in a SceneGraph!.
t2dSceneGraph::addToScene() - Object '1784' is already in a SceneGraph!.
t2dSceneGraph::addToScene() - Object '1785' is already in a SceneGraph!.
t2dSceneGraph::addToScene() - Object '1786' is already in a SceneGraph!.
t2dSceneGraph::addToScene() - Object '1787' is already in a SceneGraph!.
t2dSceneGraph::addToScene() - Object '1788' is already in a SceneGraph!.
t2dSceneGraph::addToScene() - Object '1789' is already in a SceneGraph!.
t2dSceneGraph::addToScene() - Object '1790' is already in a SceneGraph!.
t2dSceneGraph::addToScene() - Object '1791' is already in a SceneGraph!.
t2dSceneGraph::addToScene() - Object '1792' is already in a SceneGraph!.
t2dSceneGraph::addToScene() - Object '1793' is already in a SceneGraph!.
t2dSceneGraph::addToScene() - Object '1794' is already in a SceneGraph!.
t2dSceneGraph::addToScene() - Object '1795' is already in a SceneGraph!.
t2dSceneGraph::addToScene() - Object '1796' is already in a SceneGraph!.
t2dSceneGraph::addToScene() - Object '1797' is already in a SceneGraph!.
t2dSceneGraph::addToScene() - Object '1798' is already in a SceneGraph!.
t2dSceneGraph::addToScene() - Object '1799' is already in a SceneGraph!.
t2dSceneGraph::addToScene() - Object '1800' is already in a SceneGraph!.
t2dSceneGraph::addToScene() - Object '1801' is already in a SceneGraph!.
t2dSceneGraph::addToScene() - Object '1802' is already in a SceneGraph!.
t2dSceneGraph::addToScene() - Object '1803' is already in a SceneGraph!.
t2dSceneGraph::addToScene() - Object '1804' is already in a SceneGraph!.
t2dSceneGraph::addToScene() - Object '1805' is already in a SceneGraph!.
t2dSceneGraph::addToScene() - Object '1806' is already in a SceneGraph!.
t2dSceneGraph::addToScene() - Object '1807' is already in a SceneGraph!.
t2dSceneGraph::addToScene() - Object '1808' is already in a SceneGraph!.
t2dSceneGraph::addToScene() - Object '1809' is already in a SceneGraph!.
t2dSceneGraph::addToScene() - Object '1810' is already in a SceneGraph!.
t2dSceneGraph::addToScene() - Object '1811' is already in a SceneGraph!.
t2dSceneGraph::addToScene() - Object '1812' is already in a SceneGraph!.
t2dSceneGraph::addToScene() - Object '1813' is already in a SceneGraph!.
t2dSceneGraph::addToScene() - Object '1814' is already in a SceneGraph!.
t2dSceneGraph::addToScene() - Object '1815' is already in a SceneGraph!.
t2dSceneGraph::addToScene() - Object '1816' is already in a SceneGraph!.
t2dSceneGraph::addToScene() - Object '1817' is already in a SceneGraph!.
t2dSceneGraph::addToScene() - Object '1818' is already in a SceneGraph!.
t2dSceneGraph::addToScene() - Object '1819' is already in a SceneGraph!.
t2dSceneGraph::addToScene() - Object '1820' is already in a SceneGraph!.
t2dSceneGraph::addToScene() - Object '1821' is already in a SceneGraph!.
t2dSceneGraph::addToScene() - Object '1822' is already in a SceneGraph!.
t2dSceneGraph::addToScene() - Object '1823' is already in a SceneGraph!.
t2dSceneGraph::addToScene() - Object '1824' is already in a SceneGraph!.
t2dSceneGraph::addToScene() - Object '1825' is already in a SceneGraph!.
t2dSceneGraph::addToScene() - Object '1826' is already in a SceneGraph!.
t2dSceneGraph::addToScene() - Object '1827' is already in a SceneGraph!.
t2dSceneGraph::addToScene() - Object '1828' is already in a SceneGraph!.
t2dSceneGraph::addToScene() - Object '1829' is already in a SceneGraph!.
t2dSceneGraph::addToScene() - Object '1830' is already in a SceneGraph!.
t2dSceneGraph::addToScene() - Object '1831' is already in a SceneGraph!.
t2dSceneGraph::addToScene() - Object '1832' is already in a SceneGraph!.
t2dSceneGraph::addToScene() - Object '1833' is already in a SceneGraph!.
t2dSceneGraph::addToScene() - Object '1834' is already in a SceneGraph!.
t2dSceneGraph::addToScene() - Object '1835' is already in a SceneGraph!.
t2dSceneGraph::addToScene() - Object '1836' is already in a SceneGraph!.
t2dSceneGraph::addToScene() - Object '1837' is already in a SceneGraph!.
t2dSceneGraph::addToScene() - Object '1838' is already in a SceneGraph!.
t2dSceneGraph::addToScene() - Object '1839' is already in a SceneGraph!.
t2dSceneGraph::addToScene() - Object '1840' is already in a SceneGraph!.
t2dSceneGraph::addToScene() - Object '1841' is already in a SceneGraph!.
t2dSceneGraph::addToScene() - Object '1842' is already in a SceneGraph!.
t2dSceneGraph::addToScene() - Object '1843' is already in a SceneGraph!.
t2dSceneGraph::addToScene() - Object '1844' is already in a SceneGraph!.
t2dSceneGraph::addToScene() - Object '1845' is already in a SceneGraph!.
t2dSceneGraph::addToScene() - Object '1846' is already in a SceneGraph!.
t2dSceneGraph::addToScene() - Object '1847' is already in a SceneGraph!.
t2dSceneGraph::addToScene() - Object '1848' is already in a SceneGraph!.
t2dSceneGraph::addToScene() - Object '1849' is already in a SceneGraph!.
t2dSceneGraph::addToScene() - Object '1850' is already in a SceneGraph!.
t2dSceneGraph::addToScene() - Object '1851' is already in a SceneGraph!.
t2dSceneGraph::addToScene() - Object '1852' is already in a SceneGraph!.
t2dSceneGraph::addToScene() - Object '1853' is already in a SceneGraph!.
t2dSceneGraph::addToScene() - Object '1854' is already in a SceneGraph!.
t2dSceneGraph::addToScene() - Object '1855' is already in a SceneGraph!.
t2dSceneGraph::addToScene() - Object '1856' is already in a SceneGraph!.
t2dSceneGraph::addToScene() - Object '1857' is already in a SceneGraph!.
t2dSceneGraph::addToScene() - Object '1858' is already in a SceneGraph!.
t2dSceneGraph::addToScene() - Object '1859' is already in a SceneGraph!.
t2dSceneGraph::addToScene() - Object '1860' is already in a SceneGraph!.
t2dSceneGraph::addToScene() - Object '1861' is already in a SceneGraph!.
t2dSceneGraph::addToScene() - Object '1862' is already in a SceneGraph!.
t2dSceneGraph::addToScene() - Object '1863' is already in a SceneGraph!.
t2dSceneGraph::addToScene() - Object '1864' is already in a SceneGraph!.
t2dSceneGraph::addToScene() - Object '1865' is already in a SceneGraph!.
t2dSceneGraph::addToScene() - Object '1866' is already in a SceneGraph!.
t2dSceneGraph::addToScene() - Object '1867' is already in a SceneGraph!.
t2dSceneGraph::addToScene() - Object '1868' is already in a SceneGraph!.
t2dSceneGraph::addToScene() - Object '1869' is already in a SceneGraph!.
t2dSceneGraph::addToScene() - Object '1870' is already in a SceneGraph!.
t2dSceneGraph::addToScene() - Object '1871' is already in a SceneGraph!.
t2dSceneGraph::addToScene() - Object '1872' is already in a SceneGraph!.
t2dSceneGraph::addToScene() - Object '1873' is already in a SceneGraph!.
t2dSceneGraph::addToScene() - Object '1874' is already in a SceneGraph!.
t2dSceneGraph::addToScene() - Object '1875' is already in a SceneGraph!.
t2dSceneGraph::addToScene() - Object '1876' is already in a SceneGraph!.
t2dSceneGraph::addToScene() - Object '1877' is already in a SceneGraph!.
t2dSceneGraph::addToScene() - Object '1878' is already in a SceneGraph!.
t2dSceneGraph::addToScene() - Object '1879' is already in a SceneGraph!.
t2dSceneGraph::addToScene() - Object '1880' is already in a SceneGraph!.
t2dSceneGraph::addToScene() - Object '1881' is already in a SceneGraph!.
t2dSceneGraph::addToScene() - Object '1882' is already in a SceneGraph!.
t2dSceneGraph::addToScene() - Object '1883' is already in a SceneGraph!.
t2dSceneGraph::addToScene() - Object '1884' is already in a SceneGraph!.
t2dSceneGraph::addToScene() - Object '1885' is already in a SceneGraph!.
t2dSceneGraph::addToScene() - Object '1886' is already in a SceneGraph!.
t2dSceneGraph::addToScene() - Object '1887' is already in a SceneGraph!.
t2dSceneGraph::addToScene() - Object '1888' is already in a SceneGraph!.
t2dSceneGraph::addToScene() - Object '1889' is already in a SceneGraph!.
t2dSceneGraph::addToScene() - Object '1890' is already in a SceneGraph!.
t2dSceneGraph::addToScene() - Object '1891' is already in a SceneGraph!.
t2dSceneGraph::addToScene() - Object '1892' is already in a SceneGraph!.
t2dSceneGraph::addToScene() - Object '1893' is already in a SceneGraph!.
t2dSceneGraph::addToScene() - Object '1894' is already in a SceneGraph!.
t2dSceneGraph::addToScene() - Object '1895' is already in a SceneGraph!.
t2dSceneGraph::addToScene() - Object '1896' is already in a SceneGraph!.
t2dSceneGraph::addToScene() - Object '1897' is already in a SceneGraph!.
t2dSceneGraph::addToScene() - Object '1898' is already in a SceneGraph!.
t2dSceneGraph::addToScene() - Object '1899' is already in a SceneGraph!.
t2dSceneGraph::addToScene() - Object '1900' is already in a SceneGraph!.
t2dSceneGraph::addToScene() - Object '1901' is already in a SceneGraph!.
t2dSceneGraph::addToScene() - Object '1902' is already in a SceneGraph!.
t2dSceneGraph::addToScene() - Object '1903' is already in a SceneGraph!.
t2dSceneGraph::addToScene() - Object '1904' is already in a SceneGraph!.
t2dSceneGraph::addToScene() - Object '1905' is already in a SceneGraph!.
t2dSceneGraph::addToScene() - Object '1906' is already in a SceneGraph!.
t2dSceneGraph::addToScene() - Object '1907' is already in a SceneGraph!.
t2dSceneGraph::addToScene() - Object '1908' is already in a SceneGraph!.
t2dSceneGraph::addToScene() - Object '1909' is already in a SceneGraph!.
t2dSceneGraph::addToScene() - Object '1910' is already in a SceneGraph!.
t2dSceneGraph::addToScene() - Object '1911' is already in a SceneGraph!.
t2dSceneGraph::addToScene() - Object '1912' is already in a SceneGraph!.
t2dSceneGraph::addToScene() - Object '1913' is already in a SceneGraph!.
t2dSceneGraph::addToScene() - Object '1914' is already in a SceneGraph!.
t2dSceneGraph::addToScene() - Object '1915' is already in a SceneGraph!.
t2dSceneGraph::addToScene() - Object '1916' is already in a SceneGraph!.
t2dSceneGraph::addToScene() - Object '1917' is already in a SceneGraph!.
t2dSceneGraph::addToScene() - Object '1918' is already in a SceneGraph!.
t2dSceneGraph::addToScene() - Object '1919' is already in a SceneGraph!.
t2dSceneGraph::addToScene() - Object '1920' is already in a SceneGraph!.
t2dSceneGraph::addToScene() - Object '1921' is already in a SceneGraph!.
t2dSceneGraph::addToScene() - Object '1922' is already in a SceneGraph!.
t2dSceneGraph::addToScene() - Object '1923' is already in a SceneGraph!.
t2dSceneGraph::addToScene() - Object '1924' is already in a SceneGraph!.
t2dSceneGraph::addToScene() - Object '1925' is already in a SceneGraph!.
t2dSceneGraph::addToScene() - Object '1926' is already in a SceneGraph!.
t2dSceneGraph::addToScene() - Object '1927' is already in a SceneGraph!.
t2dSceneGraph::addToScene() - Object '1928' is already in a SceneGraph!.
t2dSceneGraph::addToScene() - Object '1929' is already in a SceneGraph!.
t2dSceneGraph::addToScene() - Object '1930' is already in a SceneGraph!.
t2dSceneGraph::addToScene() - Object '1931' is already in a SceneGraph!.
t2dSceneGraph::addToScene() - Object '1932' is already in a SceneGraph!.
t2dSceneGraph::addToScene() - Object '1933' is already in a SceneGraph!.
t2dSceneGraph::addToScene() - Object '1934' is already in a SceneGraph!.
t2dSceneGraph::addToScene() - Object '1935' is already in a SceneGraph!.
t2dSceneGraph::addToScene() - Object '1936' is already in a SceneGraph!.
t2dSceneGraph::addToScene() - Object '1937' is already in a SceneGraph!.
t2dSceneGraph::addToScene() - Object '1938' is already in a SceneGraph!.
t2dSceneGraph::addToScene() - Object '1939' is already in a SceneGraph!.
t2dSceneGraph::addToScene() - Object '1940' is already in a SceneGraph!.
t2dSceneGraph::addToScene() - Object '1941' is already in a SceneGraph!.
t2dSceneGraph::addToScene() - Object '1942' is already in a SceneGraph!.
t2dSceneGraph::addToScene() - Object '1943' is already in a SceneGraph!.
t2dSceneGraph::addToScene() - Object '1944' is already in a SceneGraph!.
t2dSceneGraph::addToScene() - Object '1945' is already in a SceneGraph!.
t2dSceneGraph::addToScene() - Object '1946' is already in a SceneGraph!.
t2dSceneGraph::addToScene() - Object '1947' is already in a SceneGraph!.
t2dSceneGraph::addToScene() - Object '1948' is already in a SceneGraph!.
t2dSceneGraph::addToScene() - Object '1949' is already in a SceneGraph!.
t2dSceneGraph::addToScene() - Object '1950' is already in a SceneGraph!.
t2dSceneGraph::addToScene() - Object '1951' is already in a SceneGraph!.
t2dSceneGraph::addToScene() - Object '1952' is already in a SceneGraph!.
t2dSceneGraph::addToScene() - Object '1953' is already in a SceneGraph!.
t2dSceneGraph::addToScene() - Object '1954' is already in a SceneGraph!.
t2dSceneGraph::addToScene() - Object '1955' is already in a SceneGraph!.
t2dSceneGraph::addToScene() - Object '1956' is already in a SceneGraph!.
t2dSceneGraph::addToScene() - Object '1957' is already in a SceneGraph!.
t2dSceneGraph::addToScene() - Object '1958' is already in a SceneGraph!.
t2dSceneGraph::addToScene() - Object '1959' is already in a SceneGraph!.
t2dSceneGraph::addToScene() - Object '1960' is already in a SceneGraph!.
t2dSceneGraph::addToScene() - Object '1961' is already in a SceneGraph!.
t2dSceneGraph::addToScene() - Object '1962' is already in a SceneGraph!.
t2dSceneGraph::addToScene() - Object '1963' is already in a SceneGraph!.
t2dSceneGraph::addToScene() - Object '1964' is already in a SceneGraph!.
t2dSceneGraph::addToScene() - Object '1965' is already in a SceneGraph!.
t2dSceneGraph::addToScene() - Object '1966' is already in a SceneGraph!.
t2dSceneGraph::addToScene() - Object '1967' is already in a SceneGraph!.
t2dSceneGraph::addToScene() - Object '1968' is already in a SceneGraph!.
t2dSceneGraph::addToScene() - Object '1969' is already in a SceneGraph!.
t2dSceneGraph::addToScene() - Object '1970' is already in a SceneGraph!.
t2dSceneGraph::addToScene() - Object '1971' is already in a SceneGraph!.
t2dSceneGraph::addToScene() - Object '1972' is already in a SceneGraph!.
t2dSceneGraph::addToScene() - Object '1973' is already in a SceneGraph!.
t2dSceneGraph::addToScene() - Object '1974' is already in a SceneGraph!.
t2dSceneGraph::addToScene() - Object '1975' is already in a SceneGraph!.
t2dSceneGraph::addToScene() - Object '1976' is already in a SceneGraph!.
t2dSceneGraph::addToScene() - Object '1977' is already in a SceneGraph!.
t2dSceneGraph::addToScene() - Object '1978' is already in a SceneGraph!.
t2dSceneGraph::addToScene() - Object '1979' is already in a SceneGraph!.
t2dSceneGraph::addToScene() - Object '1980' is already in a SceneGraph!.
t2dSceneGraph::addToScene() - Object '1981' is already in a SceneGraph!.
t2dSceneGraph::addToScene() - Object '1982' is already in a SceneGraph!.
t2dSceneGraph::addToScene() - Object '1983' is already in a SceneGraph!.
t2dSceneGraph::addToScene() - Object '1984' is already in a SceneGraph!.
t2dSceneGraph::addToScene() - Object '1985' is already in a SceneGraph!.
t2dSceneGraph::addToScene() - Object '1986' is already in a SceneGraph!.
t2dSceneGraph::addToScene() - Object '1987' is already in a SceneGraph!.
t2dSceneGraph::addToScene() - Object '1988' is already in a SceneGraph!.
t2dSceneGraph::addToScene() - Object '1989' is already in a SceneGraph!.
t2dSceneGraph::addToScene() - Object '1990' is already in a SceneGraph!.
t2dSceneGraph::addToScene() - Object '1991' is already in a SceneGraph!.
t2dSceneGraph::addToScene() - Object '1992' is already in a SceneGraph!.
t2dSceneGraph::addToScene() - Object '1993' is already in a SceneGraph!.
t2dSceneGraph::addToScene() - Object '1994' is already in a SceneGraph!.
t2dSceneGraph::addToScene() - Object '1995' is already in a SceneGraph!.
t2dSceneGraph::addToScene() - Object '1996' is already in a SceneGraph!.
t2dSceneGraph::addToScene() - Object '1997' is already in a SceneGraph!.
t2dSceneGraph::addToScene() - Object '1998' is already in a SceneGraph!.
t2dSceneGraph::addToScene() - Object '1999' is already in a SceneGraph!.
t2dSceneGraph::addToScene() - Object '2000' is already in a SceneGraph!.
t2dSceneGraph::addToScene() - Object '2001' is already in a SceneGraph!.
t2dSceneGraph::addToScene() - Object '2002' is already in a SceneGraph!.
t2dSceneGraph::addToScene() - Object '2003' is already in a SceneGraph!.
t2dSceneGraph::addToScene() - Object '2004' is already in a SceneGraph!.
t2dSceneGraph::addToScene() - Object '2005' is already in a SceneGraph!.
t2dSceneGraph::addToScene() - Object '2006' is already in a SceneGraph!.
t2dSceneGraph::addToScene() - Object '2007' is already in a SceneGraph!.
t2dSceneGraph::addToScene() - Object '2008' is already in a SceneGraph!.
t2dSceneGraph::addToScene() - Object '2009' is already in a SceneGraph!.
t2dSceneGraph::addToScene() - Object '2010' is already in a SceneGraph!.
t2dSceneGraph::addToScene() - Object '2011' is already in a SceneGraph!.
t2dSceneGraph::addToScene() - Object '2012' is already in a SceneGraph!.
t2dSceneGraph::addToScene() - Object '2013' is already in a SceneGraph!.
t2dSceneGraph::addToScene() - Object '2014' is already in a SceneGraph!.
t2dSceneGraph::addToScene() - Object '2015' is already in a SceneGraph!.
t2dSceneGraph::addToScene() - Object '2016' is already in a SceneGraph!.
t2dSceneGraph::addToScene() - Object '2017' is already in a SceneGraph!.
t2dSceneGraph::addToScene() - Object '2018' is already in a SceneGraph!.
t2dSceneGraph::addToScene() - Object '2019' is already in a SceneGraph!.
t2dSceneGraph::addToScene() - Object '2020' is already in a SceneGraph!.
t2dSceneGraph::addToScene() - Object '2021' is already in a SceneGraph!.
t2dSceneGraph::addToScene() - Object '2022' is already in a SceneGraph!.
t2dSceneGraph::addToScene() - Object '2023' is already in a SceneGraph!.
t2dSceneGraph::addToScene() - Object '2024' is already in a SceneGraph!.
t2dSceneGraph::addToScene() - Object '2025' is already in a SceneGraph!.
t2dSceneGraph::addToScene() - Object '2026' is already in a SceneGraph!.
t2dSceneGraph::addToScene() - Object '2027' is already in a SceneGraph!.
t2dSceneGraph::addToScene() - Object '2028' is already in a SceneGraph!.
t2dSceneGraph::addToScene() - Object '2029' is already in a SceneGraph!.
t2dSceneGraph::addToScene() - Object '2030' is already in a SceneGraph!.
t2dSceneGraph::addToScene() - Object '2031' is already in a SceneGraph!.
t2dSceneGraph::addToScene() - Object '2032' is already in a SceneGraph!.
t2dSceneGraph::addToScene() - Object '2033' is already in a SceneGraph!.
t2dSceneGraph::addToScene() - Object '2034' is already in a SceneGraph!.
t2dSceneGraph::addToScene() - Object '2035' is already in a SceneGraph!.
t2dSceneGraph::addToScene() - Object '2036' is already in a SceneGraph!.
t2dSceneGraph::addToScene() - Object '2037' is already in a SceneGraph!.
t2dSceneGraph::addToScene() - Object '2038' is already in a SceneGraph!.
t2dSceneGraph::addToScene() - Object '2039' is already in a SceneGraph!.
t2dSceneGraph::addToScene() - Object '2040' is already in a SceneGraph!.
t2dSceneGraph::addToScene() - Object '2041' is already in a SceneGraph!.
t2dSceneGraph::addToScene() - Object '2042' is already in a SceneGraph!.
t2dSceneGraph::addToScene() - Object '2043' is already in a SceneGraph!.
t2dSceneGraph::addToScene() - Object '2044' is already in a SceneGraph!.
t2dSceneGraph::addToScene() - Object '2045' is already in a SceneGraph!.
t2dSceneGraph::addToScene() - Object '2046' is already in a SceneGraph!.
t2dSceneGraph::addToScene() - Object '2047' is already in a SceneGraph!.
t2dSceneGraph::addToScene() - Object '2048' is already in a SceneGraph!.
t2dSceneGraph::addToScene() - Object '2049' is already in a SceneGraph!.
t2dSceneGraph::addToScene() - Object '2050' is already in a SceneGraph!.
t2dSceneGraph::addToScene() - Object '2051' is already in a SceneGraph!.
t2dSceneGraph::addToScene() - Object '2052' is already in a SceneGraph!.
t2dSceneGraph::addToScene() - Object '2053' is already in a SceneGraph!.
t2dSceneGraph::addToScene() - Object '2054' is already in a SceneGraph!.
t2dSceneGraph::addToScene() - Object '2055' is already in a SceneGraph!.
t2dSceneGraph::addToScene() - Object '2056' is already in a SceneGraph!.
t2dSceneGraph::addToScene() - Object '2057' is already in a SceneGraph!.
t2dSceneGraph::addToScene() - Object '2058' is already in a SceneGraph!.
t2dSceneGraph::addToScene() - Object '2059' is already in a SceneGraph!.
t2dSceneGraph::addToScene() - Object '2060' is already in a SceneGraph!.
t2dSceneGraph::addToScene() - Object '2061' is already in a SceneGraph!.
t2dSceneGraph::addToScene() - Object '2062' is already in a SceneGraph!.
t2dSceneGraph::addToScene() - Object '2063' is already in a SceneGraph!.
t2dSceneGraph::addToScene() - Object '2064' is already in a SceneGraph!.
t2dSceneGraph::addToScene() - Object '2065' is already in a SceneGraph!.
t2dSceneGraph::addToScene() - Object '2066' is already in a SceneGraph!.
t2dSceneGraph::addToScene() - Object '2067' is already in a SceneGraph!.
t2dSceneGraph::addToScene() - Object '2068' is already in a SceneGraph!.
t2dSceneGraph::addToScene() - Object '2069' is already in a SceneGraph!.
t2dSceneGraph::addToScene() - Object '2070' is already in a SceneGraph!.
t2dSceneGraph::addToScene() - Object '2071' is already in a SceneGraph!.
t2dSceneGraph::addToScene() - Object '2072' is already in a SceneGraph!.
t2dSceneGraph::addToScene() - Object '2073' is already in a SceneGraph!.
t2dSceneGraph::addToScene() - Object '2074' is already in a SceneGraph!.
t2dSceneGraph::addToScene() - Object '2075' is already in a SceneGraph!.
t2dSceneGraph::addToScene() - Object '2076' is already in a SceneGraph!.
t2dSceneGraph::addToScene() - Object '2077' is already in a SceneGraph!.
t2dSceneGraph::addToScene() - Object '2078' is already in a SceneGraph!.
t2dSceneGraph::addToScene() - Object '2079' is already in a SceneGraph!.
t2dSceneGraph::addToScene() - Object '2080' is already in a SceneGraph!.
t2dSceneGraph::addToScene() - Object '2081' is already in a SceneGraph!.
t2dSceneGraph::addToScene() - Object '2082' is already in a SceneGraph!.
t2dSceneGraph::addToScene() - Object '2083' is already in a SceneGraph!.
t2dSceneGraph::addToScene() - Object '2084' is already in a SceneGraph!.
t2dSceneGraph::addToScene() - Object '2085' is already in a SceneGraph!.
t2dSceneGraph::addToScene() - Object '2086' is already in a SceneGraph!.
t2dSceneGraph::addToScene() - Object '2087' is already in a SceneGraph!.
t2dSceneGraph::addToScene() - Object '2088' is already in a SceneGraph!.
t2dSceneGraph::addToScene() - Object '2089' is already in a SceneGraph!.
t2dSceneGraph::addToScene() - Object '2090' is already in a SceneGraph!.
t2dSceneGraph::addToScene() - Object '2091' is already in a SceneGraph!.
t2dSceneGraph::addToScene() - Object '2092' is already in a SceneGraph!.
t2dSceneGraph::addToScene() - Object '2093' is already in a SceneGraph!.
t2dSceneGraph::addToScene() - Object '2094' is already in a SceneGraph!.
t2dSceneGraph::addToScene() - Object '2095' is already in a SceneGraph!.
t2dSceneGraph::addToScene() - Object '2096' is already in a SceneGraph!.
t2dSceneGraph::addToScene() - Object '2097' is already in a SceneGraph!.
t2dSceneGraph::addToScene() - Object '2098' is already in a SceneGraph!.
t2dSceneGraph::addToScene() - Object '2099' is already in a SceneGraph!.
t2dSceneGraph::addToScene() - Object '2100' is already in a SceneGraph!.
t2dSceneGraph::addToScene() - Object '2101' is already in a SceneGraph!.
t2dSceneGraph::addToScene() - Object '2102' is already in a SceneGraph!.
t2dSceneGraph::addToScene() - Object '2103' is already in a SceneGraph!.
t2dSceneGraph::addToScene() - Object '2104' is already in a SceneGraph!.
t2dSceneGraph::addToScene() - Object '2105' is already in a SceneGraph!.
t2dSceneGraph::addToScene() - Object '2106' is already in a SceneGraph!.
t2dSceneGraph::addToScene() - Object '2107' is already in a SceneGraph!.
t2dSceneGraph::addToScene() - Object '2108' is already in a SceneGraph!.
t2dSceneGraph::addToScene() - Object '2109' is already in a SceneGraph!.
t2dSceneGraph::addToScene() - Object '2110' is already in a SceneGraph!.
t2dSceneGraph::addToScene() - Object '2111' is already in a SceneGraph!.
t2dSceneGraph::addToScene() - Object '2112' is already in a SceneGraph!.
t2dSceneGraph::addToScene() - Object '2113' is already in a SceneGraph!.
t2dSceneGraph::addToScene() - Object '2114' is already in a SceneGraph!.
t2dSceneGraph::addToScene() - Object '2115' is already in a SceneGraph!.
t2dSceneGraph::addToScene() - Object '2116' is already in a SceneGraph!.
t2dSceneGraph::addToScene() - Object '2117' is already in a SceneGraph!.
t2dSceneGraph::addToScene() - Object '2118' is already in a SceneGraph!.
t2dSceneGraph::addToScene() - Object '2119' is already in a SceneGraph!.
t2dSceneGraph::addToScene() - Object '2120' is already in a SceneGraph!.
t2dSceneGraph::addToScene() - Object '2121' is already in a SceneGraph!.
t2dSceneGraph::addToScene() - Object '2122' is already in a SceneGraph!.
t2dSceneGraph::addToScene() - Object '2123' is already in a SceneGraph!.
t2dSceneGraph::addToScene() - Object '2124' is already in a SceneGraph!.
t2dSceneGraph::addToScene() - Object '2125' is already in a SceneGraph!.
t2dSceneGraph::addToScene() - Object '2126' is already in a SceneGraph!.
t2dSceneGraph::addToScene() - Object '2127' is already in a SceneGraph!.
t2dSceneGraph::addToScene() - Object '2128' is already in a SceneGraph!.
t2dSceneGraph::addToScene() - Object '2129' is already in a SceneGraph!.
t2dSceneGraph::addToScene() - Object '2130' is already in a SceneGraph!.
t2dSceneGraph::addToScene() - Object '2131' is already in a SceneGraph!.
t2dSceneGraph::addToScene() - Object '2132' is already in a SceneGraph!.
t2dSceneGraph::addToScene() - Object '2133' is already in a SceneGraph!.
t2dSceneGraph::addToScene() - Object '2134' is already in a SceneGraph!.
t2dSceneGraph::addToScene() - Object '2135' is already in a SceneGraph!.
t2dSceneGraph::addToScene() - Object '2136' is already in a SceneGraph!.
t2dSceneGraph::addToScene() - Object '2137' is already in a SceneGraph!.
t2dSceneGraph::addToScene() - Object '2138' is already in a SceneGraph!.
t2dSceneGraph::addToScene() - Object '2139' is already in a SceneGraph!.
t2dSceneGraph::addToScene() - Object '2140' is already in a SceneGraph!.
t2dSceneGraph::addToScene() - Object '2141' is already in a SceneGraph!.
t2dSceneGraph::addToScene() - Object '2142' is already in a SceneGraph!.
t2dSceneGraph::addToScene() - Object '2143' is already in a SceneGraph!.
t2dSceneGraph::addToScene() - Object '2144' is already in a SceneGraph!.
t2dSceneGraph::addToScene() - Object '2145' is already in a SceneGraph!.
t2dSceneGraph::addToScene() - Object '2146' is already in a SceneGraph!.
t2dSceneGraph::addToScene() - Object '2147' is already in a SceneGraph!.
t2dSceneGraph::addToScene() - Object '2148' is already in a SceneGraph!.
t2dSceneGraph::addToScene() - Object '2149' is already in a SceneGraph!.
t2dSceneGraph::addToScene() - Object '2150' is already in a SceneGraph!.
DirectInput deactivated.
Shutting down the OpenGL display device...
Making the GL rendering context not current...
Deleting the GL rendering context...
Releasing the device context...
